<?xml version="1.0" encoding="utf-8"?><testsuites><testsuite errors="0" failures="0" hostname="QH-20200530ZETA" name="pytest" skipped="0" tests="3" time="1.409" timestamp="2020-08-31T18:36:41.084413"><testcase classname="TestCases.test_moving_api.TestMovingApi" file="TestCases\test_moving_api.py" line="54" name="test_api_001" time="0.460"></testcase><testcase classname="TestCases.test_moving_api.TestMovingApi" file="TestCases\test_moving_api.py" line="92" name="test_api_003" time="0.354"></testcase><testcase classname="TestCases.test_moving_api.TestMovingApi" file="TestCases\test_moving_api.py" line="172" name="test_api_007" time="0.254"></testcase></testsuite></testsuites>