<?xml version="1.0" encoding="utf-8"?><testsuites><testsuite errors="0" failures="0" hostname="QH-20200530ZETA" name="pytest" skipped="0" tests="3" time="3.631" timestamp="2020-08-17T18:55:41.397031"><testcase classname="TestCases.test_api.TestUserRelated" file="TestCases\test_api.py" line="226" name="test_api_007" time="0.422"></testcase><testcase classname="TestCases.test_api.TestGift" file="TestCases\test_api.py" line="1000" name="test_api_051" time="2.420"></testcase><testcase classname="TestCases.test_api.TestGift" file="TestCases\test_api.py" line="1169" name="test_api_060" time="0.590"></testcase></testsuite></testsuites>